<?xml version="1.0" encoding="UTF-8"?>
<!-- Generated by org.testng.reporters.JUnitXMLReporter -->
<testsuite ignored="16" hostname="VASANTH" failures="1" tests="9" name="Test" time="212.311" errors="0" timestamp="2025-12-05T14:01:46 IST">
  <testcase classname="genericutility.BaseClass" name="@AfterMethod logout" time="1.067">
    <failure type="org.openqa.selenium.ElementClickInterceptedException" message="element click intercepted: Element &amp;lt;div class=&amp;quot;oh-dropdown&amp;quot; x-data=&amp;quot;{open: false}&amp;quot; id=&amp;quot;mainNavProfile&amp;quot;&amp;gt;...&amp;lt;/div&amp;gt; is not clickable at point (1417, 31). Other element would receive the click: &amp;lt;div class=&amp;quot;oh-modal oh-modal--show&amp;quot; id=&amp;quot;objectCreateModal&amp;quot; role=&amp;quot;dialog&amp;quot; aria-labelledby=&amp;quot;objectCreateModalLabel&amp;quot; aria-hidden=&amp;quot;true&amp;quot; data-select2-id=&amp;quot;objectCreateModal&amp;quot;&amp;gt;...&amp;lt;/div&amp;gt;
  (Session info: chrome=142.0.7444.176)
Build info: version: &amp;apos;4.27.0&amp;apos;, revision: &amp;apos;d6e718d134&amp;apos;
System info: os.name: &amp;apos;Windows 11&amp;apos;, os.arch: &amp;apos;amd64&amp;apos;, os.version: &amp;apos;10.0&amp;apos;, java.version: &amp;apos;21.0.6&amp;apos;
Driver info: org.openqa.selenium.chrome.ChromeDriver
Command: [e157c25b60efdc872c5e760cb7f5054c, clickElement {id=f.458C852F114DE2AFE927B45E8B80CB68.d.0E87C22DB50F55CF27A3245072205127.e.1483}]
Capabilities {acceptInsecureCerts: false, browserName: chrome, browserVersion: 142.0.7444.176, chrome: {chromedriverVersion: 142.0.7444.175 (302067f14a4..., userDataDir: C:\Users\krypt\AppData\Loca...}, fedcm:accounts: true, goog:chromeOptions: {debuggerAddress: localhost:60648}, goog:processID: 17060, networkConnectionEnabled: false, pageLoadStrategy: normal, platformName: windows, proxy: Proxy(), se:cdp: ws://localhost:60648/devtoo..., se:cdpVersion: 142.0.7444.176, setWindowRect: true, strictFileInteractability: false, timeouts: {implicit: 0, pageLoad: 300000, script: 30000}, unhandledPromptBehavior: dismiss and notify, webauthn:extension:credBlob: true, webauthn:extension:largeBlob: true, webauthn:extension:minPinLength: true, webauthn:extension:prf: true, webauthn:virtualAuthenticators: true}
Element: [[ChromeDriver: chrome on windows (e157c25b60efdc872c5e760cb7f5054c)] -&amp;gt; xpath: //div[@id=&amp;apos;mainNavProfile&amp;apos;]]
Session ID: e157c25b60efdc872c5e760cb7f5054c">
      <![CDATA[org.openqa.selenium.ElementClickInterceptedException: element click intercepted: Element <div class="oh-dropdown" x-data="{open: false}" id="mainNavProfile">...</div> is not clickable at point (1417, 31). Other element would receive the click: <div class="oh-modal oh-modal--show" id="objectCreateModal" role="dialog" aria-labelledby="objectCreateModalLabel" aria-hidden="true" data-select2-id="objectCreateModal">...</div>
  (Session info: chrome=142.0.7444.176)
Build info: version: '4.27.0', revision: 'd6e718d134'
System info: os.name: 'Windows 11', os.arch: 'amd64', os.version: '10.0', java.version: '21.0.6'
Driver info: org.openqa.selenium.chrome.ChromeDriver
Command: [e157c25b60efdc872c5e760cb7f5054c, clickElement {id=f.458C852F114DE2AFE927B45E8B80CB68.d.0E87C22DB50F55CF27A3245072205127.e.1483}]
Capabilities {acceptInsecureCerts: false, browserName: chrome, browserVersion: 142.0.7444.176, chrome: {chromedriverVersion: 142.0.7444.175 (302067f14a4..., userDataDir: C:\Users\krypt\AppData\Loca...}, fedcm:accounts: true, goog:chromeOptions: {debuggerAddress: localhost:60648}, goog:processID: 17060, networkConnectionEnabled: false, pageLoadStrategy: normal, platformName: windows, proxy: Proxy(), se:cdp: ws://localhost:60648/devtoo..., se:cdpVersion: 142.0.7444.176, setWindowRect: true, strictFileInteractability: false, timeouts: {implicit: 0, pageLoad: 300000, script: 30000}, unhandledPromptBehavior: dismiss and notify, webauthn:extension:credBlob: true, webauthn:extension:largeBlob: true, webauthn:extension:minPinLength: true, webauthn:extension:prf: true, webauthn:virtualAuthenticators: true}
Element: [[ChromeDriver: chrome on windows (e157c25b60efdc872c5e760cb7f5054c)] -> xpath: //div[@id='mainNavProfile']]
Session ID: e157c25b60efdc872c5e760cb7f5054c
at org.openqa.selenium.remote.ErrorCodec.decode(ErrorCodec.java:167)
at org.openqa.selenium.remote.codec.w3c.W3CHttpResponseCodec.decode(W3CHttpResponseCodec.java:138)
at org.openqa.selenium.remote.codec.w3c.W3CHttpResponseCodec.decode(W3CHttpResponseCodec.java:50)
at org.openqa.selenium.remote.HttpCommandExecutor.execute(HttpCommandExecutor.java:190)
at org.openqa.selenium.remote.service.DriverCommandExecutor.invokeExecute(DriverCommandExecutor.java:216)
at org.openqa.selenium.remote.service.DriverCommandExecutor.execute(DriverCommandExecutor.java:174)
at org.openqa.selenium.remote.RemoteWebDriver.execute(RemoteWebDriver.java:545)
at org.openqa.selenium.remote.RemoteWebElement.execute(RemoteWebElement.java:223)
at org.openqa.selenium.remote.RemoteWebElement.click(RemoteWebElement.java:76)
at org.openqa.selenium.support.pagefactory.internal.LocatingElementHandler.invoke(LocatingElementHandler.java:51)
at jdk.proxy2/jdk.proxy2.$Proxy16.click(Unknown Source)
at objectrepository.HRMHomePage.logout(HRMHomePage.java:100)
at genericutility.BaseClass.logout(BaseClass.java:68)
at java.base/java.util.ArrayList.forEach(ArrayList.java:1596)
... Removed 35 stack frames]]>
    </failure>
  </testcase> <!-- @AfterMethod logout -->
  <testcase classname="atlascoreHRM_integration.TC_INT_03" name="AttendanceRequest" time="19.657"/>
  <testcase classname="atlascoreHRM_smoke.TC_01" name="loginToApp" time="5.546"/>
  <testcase classname="atlascoreHRM_integration.TC_INT_01" name="leaveRequest" time="28.397">
    <failure type="org.openqa.selenium.ElementClickInterceptedException" message="element click intercepted: Element &amp;lt;div class=&amp;quot;oh-dropdown&amp;quot; x-data=&amp;quot;{open: false}&amp;quot; id=&amp;quot;mainNavProfile&amp;quot;&amp;gt;...&amp;lt;/div&amp;gt; is not clickable at point (1417, 31). Other element would receive the click: &amp;lt;div class=&amp;quot;oh-modal oh-modal--show&amp;quot; id=&amp;quot;objectCreateModal&amp;quot; role=&amp;quot;dialog&amp;quot; aria-labelledby=&amp;quot;objectCreateModalLabel&amp;quot; aria-hidden=&amp;quot;true&amp;quot; data-select2-id=&amp;quot;objectCreateModal&amp;quot;&amp;gt;...&amp;lt;/div&amp;gt;
  (Session info: chrome=142.0.7444.176)
Build info: version: &amp;apos;4.27.0&amp;apos;, revision: &amp;apos;d6e718d134&amp;apos;
System info: os.name: &amp;apos;Windows 11&amp;apos;, os.arch: &amp;apos;amd64&amp;apos;, os.version: &amp;apos;10.0&amp;apos;, java.version: &amp;apos;21.0.6&amp;apos;
Driver info: org.openqa.selenium.chrome.ChromeDriver
Command: [e157c25b60efdc872c5e760cb7f5054c, clickElement {id=f.458C852F114DE2AFE927B45E8B80CB68.d.0E87C22DB50F55CF27A3245072205127.e.1483}]
Capabilities {acceptInsecureCerts: false, browserName: chrome, browserVersion: 142.0.7444.176, chrome: {chromedriverVersion: 142.0.7444.175 (302067f14a4..., userDataDir: C:\Users\krypt\AppData\Loca...}, fedcm:accounts: true, goog:chromeOptions: {debuggerAddress: localhost:60648}, goog:processID: 17060, networkConnectionEnabled: false, pageLoadStrategy: normal, platformName: windows, proxy: Proxy(), se:cdp: ws://localhost:60648/devtoo..., se:cdpVersion: 142.0.7444.176, setWindowRect: true, strictFileInteractability: false, timeouts: {implicit: 0, pageLoad: 300000, script: 30000}, unhandledPromptBehavior: dismiss and notify, webauthn:extension:credBlob: true, webauthn:extension:largeBlob: true, webauthn:extension:minPinLength: true, webauthn:extension:prf: true, webauthn:virtualAuthenticators: true}
Element: [[ChromeDriver: chrome on windows (e157c25b60efdc872c5e760cb7f5054c)] -&amp;gt; xpath: //div[@id=&amp;apos;mainNavProfile&amp;apos;]]
Session ID: e157c25b60efdc872c5e760cb7f5054c">
      <![CDATA[org.openqa.selenium.ElementClickInterceptedException: element click intercepted: Element <div class="oh-dropdown" x-data="{open: false}" id="mainNavProfile">...</div> is not clickable at point (1417, 31). Other element would receive the click: <div class="oh-modal oh-modal--show" id="objectCreateModal" role="dialog" aria-labelledby="objectCreateModalLabel" aria-hidden="true" data-select2-id="objectCreateModal">...</div>
  (Session info: chrome=142.0.7444.176)
Build info: version: '4.27.0', revision: 'd6e718d134'
System info: os.name: 'Windows 11', os.arch: 'amd64', os.version: '10.0', java.version: '21.0.6'
Driver info: org.openqa.selenium.chrome.ChromeDriver
Command: [e157c25b60efdc872c5e760cb7f5054c, clickElement {id=f.458C852F114DE2AFE927B45E8B80CB68.d.0E87C22DB50F55CF27A3245072205127.e.1483}]
Capabilities {acceptInsecureCerts: false, browserName: chrome, browserVersion: 142.0.7444.176, chrome: {chromedriverVersion: 142.0.7444.175 (302067f14a4..., userDataDir: C:\Users\krypt\AppData\Loca...}, fedcm:accounts: true, goog:chromeOptions: {debuggerAddress: localhost:60648}, goog:processID: 17060, networkConnectionEnabled: false, pageLoadStrategy: normal, platformName: windows, proxy: Proxy(), se:cdp: ws://localhost:60648/devtoo..., se:cdpVersion: 142.0.7444.176, setWindowRect: true, strictFileInteractability: false, timeouts: {implicit: 0, pageLoad: 300000, script: 30000}, unhandledPromptBehavior: dismiss and notify, webauthn:extension:credBlob: true, webauthn:extension:largeBlob: true, webauthn:extension:minPinLength: true, webauthn:extension:prf: true, webauthn:virtualAuthenticators: true}
Element: [[ChromeDriver: chrome on windows (e157c25b60efdc872c5e760cb7f5054c)] -> xpath: //div[@id='mainNavProfile']]
Session ID: e157c25b60efdc872c5e760cb7f5054c
at org.openqa.selenium.remote.ErrorCodec.decode(ErrorCodec.java:167)
at org.openqa.selenium.remote.codec.w3c.W3CHttpResponseCodec.decode(W3CHttpResponseCodec.java:138)
at org.openqa.selenium.remote.codec.w3c.W3CHttpResponseCodec.decode(W3CHttpResponseCodec.java:50)
at org.openqa.selenium.remote.HttpCommandExecutor.execute(HttpCommandExecutor.java:190)
at org.openqa.selenium.remote.service.DriverCommandExecutor.invokeExecute(DriverCommandExecutor.java:216)
at org.openqa.selenium.remote.service.DriverCommandExecutor.execute(DriverCommandExecutor.java:174)
at org.openqa.selenium.remote.RemoteWebDriver.execute(RemoteWebDriver.java:545)
at org.openqa.selenium.remote.RemoteWebElement.execute(RemoteWebElement.java:223)
at org.openqa.selenium.remote.RemoteWebElement.click(RemoteWebElement.java:76)
at org.openqa.selenium.support.pagefactory.internal.LocatingElementHandler.invoke(LocatingElementHandler.java:51)
at jdk.proxy2/jdk.proxy2.$Proxy16.click(Unknown Source)
at objectrepository.HRMHomePage.logout(HRMHomePage.java:100)
at atlascoreHRM_integration.TC_INT_01.leaveRequest(TC_INT_01.java:68)
at java.base/java.util.ArrayList.forEach(ArrayList.java:1596)
... Removed 30 stack frames]]>
    </failure>
  </testcase> <!-- leaveRequest -->
  <testcase classname="atlascoreHRM_smoke.TC_07" name="verifyEmployeeMenu" time="5.075"/>
  <testcase classname="atlascoreHRM_system.TC_SYS_02" name="ApplyAndApproveLeaveRequest" time="33.04"/>
  <testcase classname="atlascoreHRM_system.TC_SYS_04" name="ApplyAndApproveAttendanceRequest" time="29.818"/>
  <testcase classname="atlascoreHRM_system.TC_SYS_10" name="createMeetingAndUpdateMOM" time="46.279"/>
  <testcase classname="atlascoreHRM_integration.TC_INT_09" name="scheduleMeeting" time="20.992"/>
  <testcase classname="atlascoreHRM_smoke.TC_05" name="verifyEmployeeMenu" time="4.831"/>
  <testcase classname="genericutility.BaseClass" name="@BeforeSuite reportConfig" time="0.0">
    <ignored/>
  </testcase> <!-- @BeforeSuite reportConfig -->
  <testcase classname="genericutility.BaseClass" name="@BeforeSuite reportConfig" time="0.0">
    <ignored/>
  </testcase> <!-- @BeforeSuite reportConfig -->
  <testcase classname="genericutility.BaseClass" name="@BeforeSuite reportConfig" time="0.0">
    <ignored/>
  </testcase> <!-- @BeforeSuite reportConfig -->
  <testcase classname="genericutility.BaseClass" name="@BeforeSuite reportConfig" time="0.0">
    <ignored/>
  </testcase> <!-- @BeforeSuite reportConfig -->
  <testcase classname="genericutility.BaseClass" name="@BeforeSuite reportConfig" time="0.0">
    <ignored/>
  </testcase> <!-- @BeforeSuite reportConfig -->
  <testcase classname="genericutility.BaseClass" name="@AfterSuite reporBackup" time="0.0">
    <ignored/>
  </testcase> <!-- @AfterSuite reporBackup -->
  <testcase classname="genericutility.BaseClass" name="@AfterSuite reporBackup" time="0.0">
    <ignored/>
  </testcase> <!-- @AfterSuite reporBackup -->
  <testcase classname="genericutility.BaseClass" name="@BeforeSuite reportConfig" time="0.0">
    <ignored/>
  </testcase> <!-- @BeforeSuite reportConfig -->
  <testcase classname="genericutility.BaseClass" name="@AfterSuite reporBackup" time="0.0">
    <ignored/>
  </testcase> <!-- @AfterSuite reporBackup -->
  <testcase classname="genericutility.BaseClass" name="@AfterSuite reporBackup" time="0.0">
    <ignored/>
  </testcase> <!-- @AfterSuite reporBackup -->
  <testcase classname="genericutility.BaseClass" name="@AfterSuite reporBackup" time="0.0">
    <ignored/>
  </testcase> <!-- @AfterSuite reporBackup -->
  <testcase classname="genericutility.BaseClass" name="@AfterSuite reporBackup" time="0.0">
    <ignored/>
  </testcase> <!-- @AfterSuite reporBackup -->
  <testcase classname="genericutility.BaseClass" name="@AfterSuite reporBackup" time="0.0">
    <ignored/>
  </testcase> <!-- @AfterSuite reporBackup -->
  <testcase classname="genericutility.BaseClass" name="@BeforeSuite reportConfig" time="0.0">
    <ignored/>
  </testcase> <!-- @BeforeSuite reportConfig -->
  <testcase classname="genericutility.BaseClass" name="@BeforeSuite reportConfig" time="0.0">
    <ignored/>
  </testcase> <!-- @BeforeSuite reportConfig -->
  <testcase classname="genericutility.BaseClass" name="@AfterSuite reporBackup" time="0.0">
    <ignored/>
  </testcase> <!-- @AfterSuite reporBackup -->
</testsuite> <!-- Test -->
